<?xml version="1.0" encoding="UTF-8"?>
<beans xmlns="http://www.springframework.org/schema/beans"
	xmlns:xsi="http://www.w3.org/2001/XMLSchema-instance" xmlns:p="http://www.springframework.org/schema/p"
	xmlns:util="http://www.springframework.org/schema/util" xmlns:context="http://www.springframework.org/schema/context"
	xsi:schemaLocation="http://www.springframework.org/schema/beans 
                           http://www.springframework.org/schema/beans/spring-beans.xsd
                           http://www.springframework.org/schema/context 
                           http://www.springframework.org/schema/context/spring-context.xsd
                           http://www.springframework.org/schema/util
                           http://www.springframework.org/schema/util/spring-util.xsd">

	<context:property-placeholder location="classpath:test.properties"
		ignore-unresolvable="true" />

	<bean id="jmsTemplate" class="org.springframework.jms.core.JmsTemplate"
		p:connectionFactory-ref="connectionFactory" p:defaultDestinationName="com.massifsource.sample.damp.ms.jms.replicate" />
	
</beans>
