<?xml version="1.0" encoding="UTF-8"?>
<beans xmlns="http://www.springframework.org/schema/beans"
	xmlns:xsi="http://www.w3.org/2001/XMLSchema-instance" xmlns:p="http://www.springframework.org/schema/p"
	xmlns:util="http://www.springframework.org/schema/util" xmlns:context="http://www.springframework.org/schema/context"
	xsi:schemaLocation="http://www.springframework.org/schema/beans 
                           http://www.springframework.org/schema/beans/spring-beans.xsd
                           http://www.springframework.org/schema/context 
                           http://www.springframework.org/schema/context/spring-context.xsd
                           http://www.springframework.org/schema/util
                           http://www.springframework.org/schema/util/spring-util.xsd">
    <context:component-scan base-package="com.massifsource.sample.damp.das.test" />
    
	<bean id="jsonHttpMessageConverter"
		class="org.springframework.http.converter.json.MappingJackson2HttpMessageConverter"
		p:supportedMediaTypes="application/json" />
		
	<bean id="stringHttpMessageConverter"
        class="org.springframework.http.converter.StringHttpMessageConverter"
        p:supportedMediaTypes="text/plain" />

	<bean id="byteArrayMessageConverter"
		class="org.springframework.http.converter.ByteArrayHttpMessageConverter" />
		
	<bean id="restTemplate" class="org.springframework.web.client.RestTemplate"
		p:messageConverters-ref="messageConvertersList" p:errorHandler-ref="errorHandler" />
		
    <bean id="errorHandler"
        class="org.springframework.web.client.DefaultResponseErrorHandler" />

	<util:list id="messageConvertersList">
		<ref bean="jsonHttpMessageConverter" />
		<ref bean="byteArrayMessageConverter" />
	</util:list>

</beans>
